android/app/build/intermediates/manifest_merge_blame_file/debug/manifest-merger-blame-debug-report.txt
1<?xml version="1.0" encoding="utf-8"?>
2<manifest xmlns:android="http://schemas.android.com/apk/res/android"
3    package="com.handwritingeditor"
4    android:versionCode="1"
5    android:versionName="1.0" >
6
7    <uses-sdk
8        android:minSdkVersion="21"
9        android:targetSdkVersion="31" />
10
11    <uses-permission android:name="android.permission.SYSTEM_ALERT_WINDOW" />
11-->src/debug/AndroidManifest.xml:5:5-77
11-->src/debug/AndroidManifest.xml:5:22-75
12    <uses-permission android:name="android.permission.INTERNET" />
12-->src/main/AndroidManifest.xml:4:5-67
12-->src/main/AndroidManifest.xml:4:22-64
13    <uses-permission android:name="android.permission.ACCESS_WIFI_STATE" />
13-->[com.facebook.flipper:flipper:0.125.0] AndroidManifest.xml:16:5-76
13-->[com.facebook.flipper:flipper:0.125.0] AndroidManifest.xml:16:22-73
14
15    <application
15-->src/main/AndroidManifest.xml:6:5-25:19
16        android:name="com.handwritingeditor.MainApplication"
16-->src/main/AndroidManifest.xml:7:7-38
17        android:allowBackup="false"
17-->src/main/AndroidManifest.xml:11:7-34
18        android:appComponentFactory="androidx.core.app.CoreComponentFactory"
18-->[androidx.core:core:1.7.0] AndroidManifest.xml:24:18-86
19        android:debuggable="true"
20        android:icon="@mipmap/ic_launcher"
20-->src/main/AndroidManifest.xml:9:7-41
21        android:label="@string/app_name"
21-->src/main/AndroidManifest.xml:8:7-39
22        android:roundIcon="@mipmap/ic_launcher_round"
22-->src/main/AndroidManifest.xml:10:7-52
23        android:theme="@style/AppTheme"
23-->src/main/AndroidManifest.xml:12:7-38
24        android:usesCleartextTraffic="true" >
24-->src/debug/AndroidManifest.xml:8:9-44
25        <activity
25-->src/debug/AndroidManifest.xml:11:9-111
26            android:name="com.facebook.react.devsupport.DevSettingsActivity"
26-->src/debug/AndroidManifest.xml:11:19-83
27            android:exported="false" />
27-->src/debug/AndroidManifest.xml:11:84-108
28        <activity
28-->src/main/AndroidManifest.xml:13:7-24:18
29            android:name="com.handwritingeditor.MainActivity"
29-->src/main/AndroidManifest.xml:14:9-37
30            android:configChanges="keyboard|keyboardHidden|orientation|screenLayout|screenSize|smallestScreenSize|uiMode"
30-->src/main/AndroidManifest.xml:16:9-118
31            android:exported="true"
31-->src/main/AndroidManifest.xml:19:9-32
32            android:label="@string/app_name"
32-->src/main/AndroidManifest.xml:15:9-41
33            android:launchMode="singleTask"
33-->src/main/AndroidManifest.xml:17:9-40
34            android:windowSoftInputMode="adjustResize" >
34-->src/main/AndroidManifest.xml:18:9-51
35            <intent-filter>
35-->src/main/AndroidManifest.xml:20:9-23:25
36                <action android:name="android.intent.action.MAIN" />
36-->src/main/AndroidManifest.xml:21:13-65
36-->src/main/AndroidManifest.xml:21:21-62
37
38                <category android:name="android.intent.category.LAUNCHER" />
38-->src/main/AndroidManifest.xml:22:13-73
38-->src/main/AndroidManifest.xml:22:23-70
39            </intent-filter>
40        </activity>
41
42        <provider
42-->[:react-native-share] AndroidManifest.xml:10:9-18:20
43            android:name="cl.json.RNShareFileProvider"
43-->[:react-native-share] AndroidManifest.xml:11:13-55
44            android:authorities="com.handwritingeditor.rnshare.fileprovider"
44-->[:react-native-share] AndroidManifest.xml:12:13-72
45            android:exported="false"
45-->[:react-native-share] AndroidManifest.xml:13:13-37
46            android:grantUriPermissions="true" >
46-->[:react-native-share] AndroidManifest.xml:14:13-47
47            <meta-data
47-->[:react-native-share] AndroidManifest.xml:15:13-17:64
48                android:name="android.support.FILE_PROVIDER_PATHS"
48-->[:react-native-share] AndroidManifest.xml:16:17-67
49                android:resource="@xml/share_download_paths" />
49-->[:react-native-share] AndroidManifest.xml:17:17-61
50        </provider>
51        <provider
51-->[:react-native-webview] AndroidManifest.xml:10:9-18:20
52            android:name="com.reactnativecommunity.webview.RNCWebViewFileProvider"
52-->[:react-native-webview] AndroidManifest.xml:11:13-83
53            android:authorities="com.handwritingeditor.fileprovider"
53-->[:react-native-webview] AndroidManifest.xml:12:13-64
54            android:exported="false"
54-->[:react-native-webview] AndroidManifest.xml:13:13-37
55            android:grantUriPermissions="true" >
55-->[:react-native-webview] AndroidManifest.xml:14:13-47
56            <meta-data
56-->[:react-native-share] AndroidManifest.xml:15:13-17:64
57                android:name="android.support.FILE_PROVIDER_PATHS"
57-->[:react-native-share] AndroidManifest.xml:16:17-67
58                android:resource="@xml/file_provider_paths" />
58-->[:react-native-share] AndroidManifest.xml:17:17-61
59        </provider>
60        <provider
60-->[androidx.emoji2:emoji2:1.0.0] AndroidManifest.xml:26:9-34:20
61            android:name="androidx.startup.InitializationProvider"
61-->[androidx.emoji2:emoji2:1.0.0] AndroidManifest.xml:27:13-67
62            android:authorities="com.handwritingeditor.androidx-startup"
62-->[androidx.emoji2:emoji2:1.0.0] AndroidManifest.xml:28:13-68
63            android:exported="false" >
63-->[androidx.emoji2:emoji2:1.0.0] AndroidManifest.xml:29:13-37
64            <meta-data
64-->[androidx.emoji2:emoji2:1.0.0] AndroidManifest.xml:31:13-33:52
65                android:name="androidx.emoji2.text.EmojiCompatInitializer"
65-->[androidx.emoji2:emoji2:1.0.0] AndroidManifest.xml:32:17-75
66                android:value="androidx.startup" />
66-->[androidx.emoji2:emoji2:1.0.0] AndroidManifest.xml:33:17-49
67            <meta-data
67-->[androidx.lifecycle:lifecycle-process:2.4.0] AndroidManifest.xml:31:13-33:52
68                android:name="androidx.lifecycle.ProcessLifecycleInitializer"
68-->[androidx.lifecycle:lifecycle-process:2.4.0] AndroidManifest.xml:32:17-78
69                android:value="androidx.startup" />
69-->[androidx.lifecycle:lifecycle-process:2.4.0] AndroidManifest.xml:33:17-49
70        </provider>
71    </application>
72
73</manifest>